<?xml version="1.0" encoding="utf-8"?><testsuites name="pytest tests"><testsuite name="pytest" errors="0" failures="1" skipped="0" tests="6" time="3.472" timestamp="2026-06-18T00:23:44.315325+00:00" hostname="agent-env-664d6ff3-6be0-4ff0-893c-73aabbf7de33"><testcase classname="backend.tests.test_ai_endpoints.TestStatusProbes" name="test_music_status_disabled" time="0.182" /><testcase classname="backend.tests.test_ai_endpoints.TestStatusProbes" name="test_stems_status_enabled" time="1.013" /><testcase classname="backend.tests.test_ai_endpoints.TestAssistant" name="test_assistant_happy_path_add_midi_and_tempo" time="1.768"><failure message="AssertionError: fallback should add a MIDI track. actions=[]&#10;assert 'add_track' in []">backend/tests/test_ai_endpoints.py:46: in test_assistant_happy_path_add_midi_and_tempo
    assert "add_track" in types, f"fallback should add a MIDI track. actions={data['actions']}"
E   AssertionError: fallback should add a MIDI track. actions=[]
E   assert 'add_track' in []</failure></testcase><testcase classname="backend.tests.test_ai_endpoints.TestAssistant" name="test_assistant_metronome_phrase_fallback_shape" time="0.185" /><testcase classname="backend.tests.test_ai_endpoints.TestMusicGenFallback" name="test_generate_music_returns_503_when_key_missing" time="0.109" /><testcase classname="backend.tests.test_ai_endpoints.TestStems" name="test_separate_stems_no_input_returns_400" time="0.108" /></testsuite></testsuites>