<?xml version="1.0" encoding="utf-8"?><testsuites name="pytest tests"><testsuite name="pytest" errors="0" failures="0" skipped="0" tests="7" time="6.077" timestamp="2026-06-18T22:03:21.352781+00:00" hostname="agent-env-664d6ff3-6be0-4ff0-893c-73aabbf7de33"><testcase classname="backend.tests.test_generator_endpoints.TestGenerateLyrics" name="test_lyrics_returns_structured_payload" time="4.221" /><testcase classname="backend.tests.test_generator_endpoints.TestGenerateLyrics" name="test_lyrics_persists_in_workspace" time="0.307" /><testcase classname="backend.tests.test_generator_endpoints.TestGenerateTrack" name="test_track_returns_fal_key_missing_fallback" time="0.134" /><testcase classname="backend.tests.test_generator_endpoints.TestGenerateTrack" name="test_track_card_appears_in_workspace" time="0.223" /><testcase classname="backend.tests.test_generator_endpoints.TestWorkspace" name="test_workspace_list_shape" time="0.100" /><testcase classname="backend.tests.test_generator_endpoints.TestWorkspace" name="test_delete_removes_entry" time="0.564" /><testcase classname="backend.tests.test_generator_endpoints.TestWorkspace" name="test_workspace_file_404_for_lyrics" time="0.283" /></testsuite></testsuites>