<?xml version="1.0" encoding="utf-8"?><testsuites name="pytest tests"><testsuite name="pytest" errors="0" failures="0" skipped="0" tests="56" time="8.548" timestamp="2026-06-20T11:54:58.273678+00:00" hostname="agent-env-664d6ff3-6be0-4ff0-893c-73aabbf7de33"><testcase classname="tests.test_midi_snapshots" name="test_snapshot_save_creates_first" time="0.125" /><testcase classname="tests.test_midi_snapshots" name="test_snapshot_save_upserts_by_owner_name" time="0.231" /><testcase classname="tests.test_midi_snapshots" name="test_snapshot_save_distinct_names_keep_separate_rows" time="0.381" /><testcase classname="tests.test_midi_snapshots" name="test_snapshot_list_requires_owner" time="0.102" /><testcase classname="tests.test_midi_snapshots" name="test_snapshot_get_by_id_returns_full_payload" time="0.195" /><testcase classname="tests.test_midi_snapshots" name="test_snapshot_get_unknown_id_returns_404" time="0.114" /><testcase classname="tests.test_midi_snapshots" name="test_snapshot_save_rejects_empty_name" time="0.090" /><testcase classname="tests.test_midi_snapshots" name="test_snapshot_save_rejects_too_long_name" time="0.093" /><testcase classname="tests.test_midi_snapshots" name="test_snapshot_save_rejects_invalid_chars_in_name" time="0.093" /><testcase classname="tests.test_midi_snapshots" name="test_snapshot_save_accepts_accented_name" time="0.095" /><testcase classname="tests.test_midi_snapshots" name="test_snapshot_save_rejects_bad_pitch" time="0.088" /><testcase classname="tests.test_midi_snapshots" name="test_snapshot_share_toggles_flag" time="0.186" /><testcase classname="tests.test_midi_snapshots" name="test_snapshot_share_requires_owner" time="0.083" /><testcase classname="tests.test_midi_snapshots" name="test_snapshot_share_unknown_id_returns_404" time="0.091" /><testcase classname="tests.test_midi_snapshots" name="test_snapshot_public_listing_returns_only_shared" time="0.303" /><testcase classname="tests.test_midi_snapshots" name="test_snapshot_public_listing_omits_secret_mapping_fields" time="0.188" /><testcase classname="tests.test_midi_snapshots" name="test_snapshot_delete_removes_doc" time="0.274" /><testcase classname="tests.test_midi_snapshots" name="test_snapshot_delete_wrong_owner_returns_404" time="0.188" /><testcase classname="tests.test_midi_learn" name="test_midi_learn_creates_first_cc_binding" time="0.093" /><testcase classname="tests.test_midi_learn" name="test_midi_learn_creates_first_noteon_binding" time="0.097" /><testcase classname="tests.test_midi_learn" name="test_midi_learn_incremental_appends_without_dropping_prior_bindings" time="0.469" /><testcase classname="tests.test_midi_learn" name="test_midi_learn_overrides_same_controller" time="0.192" /><testcase classname="tests.test_midi_learn" name="test_midi_learn_rejects_owner_mismatch" time="0.095" /><testcase classname="tests.test_midi_learn" name="test_midi_learn_rejects_noteon_without_pitch" time="0.094" /><testcase classname="tests.test_midi_learn" name="test_midi_learn_rejects_cc_without_controller" time="0.094" /><testcase classname="tests.test_midi_learn" name="test_midi_learn_rejects_unknown_kind" time="0.101" /><testcase classname="tests.test_midi_learn" name="test_midi_learn_rejects_pitch_out_of_range" time="0.106" /><testcase classname="tests.test_midi_learn" name="test_midi_learn_rejects_empty_action" time="0.105" /><testcase classname="tests.test_midi_learn" name="test_midi_learn_unbind_removes_single_cc" time="0.293" /><testcase classname="tests.test_midi_learn" name="test_midi_learn_unbind_full_reset" time="0.297" /><testcase classname="tests.test_midi_learn" name="test_midi_learn_unbind_owner_mismatch" time="0.096" /><testcase classname="tests.test_midi_learn" name="test_midi_learn_persisted_mapping_survives_reload" time="0.206" /><testcase classname="tests.test_midi" name="test_midi_status_advertises_capabilities" time="0.088" /><testcase classname="tests.test_midi" name="test_midi_default_mapping_shape" time="0.088" /><testcase classname="tests.test_midi" name="test_midi_mapping_save_and_recall_roundtrip" time="0.175" /><testcase classname="tests.test_midi" name="test_midi_mapping_unknown_owner_falls_back_to_default" time="0.108" /><testcase classname="tests.test_midi" name="test_midi_mapping_rejects_invalid_owners[]" time="0.088" /><testcase classname="tests.test_midi" name="test_midi_mapping_rejects_invalid_owners[ ]" time="0.091" /><testcase classname="tests.test_midi" name="test_midi_mapping_rejects_invalid_owners[no spaces ok]" time="0.089" /><testcase classname="tests.test_midi" name="test_midi_mapping_rejects_invalid_owners[\xf4_\xe9]" time="0.093" /><testcase classname="tests.test_midi" name="test_midi_mapping_rejects_invalid_owners[xxxxxxxxxxxxxxxxxxxxxxxxxxxxxxxxxxxxxxxxxxxxxxxxxxxxxxxxxxxxxxxxxxxxxxxxxxxxxxxx]" time="0.099" /><testcase classname="tests.test_midi" name="test_midi_mapping_rejects_invalid_owners[with/slash]" time="0.087" /><testcase classname="tests.test_midi" name="test_midi_mapping_rejects_out_of_range_pitch" time="0.084" /><testcase classname="tests.test_midi" name="test_midi_mapping_rejects_non_numeric_cc" time="0.089" /><testcase classname="tests.test_midi" name="test_midi_mapping_path_rejects_bad_owner" time="0.091" /><testcase classname="tests.test_midi" name="test_midi_session_log_full_payload" time="0.089" /><testcase classname="tests.test_midi" name="test_midi_session_rejects_unknown_style" time="0.095" /><testcase classname="tests.test_midi" name="test_midi_session_accepts_minimal_payload" time="0.091" /><testcase classname="tests.test_midi" name="test_midi_session_recent_lists_latest_first" time="0.364" /><testcase classname="tests.test_midi" name="test_midi_session_recent_clamps_limit" time="0.102" /><testcase classname="tests.test_midi" name="test_helpers_cc_to_tempo_mapping" time="1.176" /><testcase classname="tests.test_midi" name="test_helpers_cc_to_pan_mapping" time="0.000" /><testcase classname="tests.test_midi" name="test_helpers_cc_to_style_buckets" time="0.000" /><testcase classname="tests.test_locale_coverage.TestLocaleKeyParity" name="test_all_supported_locales_exist" time="0.000" /><testcase classname="tests.test_locale_coverage.TestLocaleKeyParity" name="test_required_keys_in_every_locale" time="0.001" /><testcase classname="tests.test_locale_coverage.TestLocaleKeyParity" name="test_no_locale_collides_on_supported_lang_codes" time="0.001" /></testsuite></testsuites>