<?xml version="1.0" encoding="utf-8"?><testsuites name="pytest tests"><testsuite name="pytest" errors="0" failures="0" skipped="0" tests="17" time="7.196" timestamp="2026-06-19T22:47:14.478607+00:00" hostname="agent-env-664d6ff3-6be0-4ff0-893c-73aabbf7de33"><testcase classname="tests.test_studio_live.TestSessionsRest" name="test_list_sessions_shape" time="0.242" /><testcase classname="tests.test_studio_live.TestStudioLiveSocket" name="test_two_peers_connect_and_listed" time="0.950" /><testcase classname="tests.test_studio_live.TestStudioLiveSocket" name="test_binary_frames_broadcast" time="0.804" /><testcase classname="tests.test_studio_live.TestStudioLiveSocket" name="test_sender_does_not_receive_own_frame" time="1.402" /><testcase classname="tests.test_studio_live.TestStudioLiveSocket" name="test_text_frames_broadcast" time="0.883" /><testcase classname="tests.test_studio_live.TestStudioLiveSocket" name="test_session_cleared_when_last_peer_leaves" time="1.323" /><testcase classname="tests.test_storytelling.TestStorytellingStatus" name="test_status_shape" time="0.119" /><testcase classname="tests.test_storytelling.TestStorytellingGenerate" name="test_validates_theme_min_length" time="0.126" /><testcase classname="tests.test_storytelling.TestStorytellingGenerate" name="test_chapter_contract_holds" time="0.143" /><testcase classname="tests.test_storytelling.TestStorytellingGenerate" name="test_lyrics_present" time="0.136" /><testcase classname="tests.test_storytelling.TestStorytellingGenerate" name="test_language_supported[fr]" time="0.144" /><testcase classname="tests.test_storytelling.TestStorytellingGenerate" name="test_language_supported[en]" time="0.134" /><testcase classname="tests.test_storytelling.TestStorytellingGenerate" name="test_language_supported[es]" time="0.135" /><testcase classname="tests.test_storytelling.TestStorytellingGenerate" name="test_language_supported[pt]" time="0.137" /><testcase classname="tests.test_storytelling.TestStorytellingGenerate" name="test_language_supported[sw]" time="0.134" /><testcase classname="tests.test_storytelling.TestStorytellingGenerate" name="test_unknown_language_falls_back_to_french" time="0.146" /><testcase classname="tests.test_storytelling.TestStorytellingGenerate" name="test_total_bars_respected_even_when_small" time="0.145" /></testsuite></testsuites>