<?xml version="1.0" encoding="utf-8"?><testsuites name="pytest tests"><testsuite name="pytest" errors="0" failures="0" skipped="0" tests="24" time="3.254" timestamp="2026-06-20T02:27:14.673690+00:00" hostname="agent-env-664d6ff3-6be0-4ff0-893c-73aabbf7de33"><testcase classname="tests.test_midi_learn" name="test_midi_learn_creates_first_cc_binding" time="0.147" /><testcase classname="tests.test_midi_learn" name="test_midi_learn_creates_first_noteon_binding" time="0.106" /><testcase classname="tests.test_midi_learn" name="test_midi_learn_incremental_appends_without_dropping_prior_bindings" time="0.508" /><testcase classname="tests.test_midi_learn" name="test_midi_learn_overrides_same_controller" time="0.216" /><testcase classname="tests.test_midi_learn" name="test_midi_learn_rejects_owner_mismatch" time="0.102" /><testcase classname="tests.test_midi_learn" name="test_midi_learn_rejects_noteon_without_pitch" time="0.105" /><testcase classname="tests.test_midi_learn" name="test_midi_learn_rejects_cc_without_controller" time="0.107" /><testcase classname="tests.test_midi_learn" name="test_midi_learn_rejects_unknown_kind" time="0.096" /><testcase classname="tests.test_midi_learn" name="test_midi_learn_rejects_pitch_out_of_range" time="0.106" /><testcase classname="tests.test_midi_learn" name="test_midi_learn_rejects_empty_action" time="0.101" /><testcase classname="tests.test_midi_learn" name="test_midi_learn_unbind_removes_single_cc" time="0.305" /><testcase classname="tests.test_midi_learn" name="test_midi_learn_unbind_full_reset" time="0.284" /><testcase classname="tests.test_midi_learn" name="test_midi_learn_unbind_owner_mismatch" time="0.100" /><testcase classname="tests.test_midi_learn" name="test_midi_learn_persisted_mapping_survives_reload" time="0.201" /><testcase classname="tests.test_oauth_prep" name="test_oauth_setup_guide_lists_all_three_providers" time="0.099" /><testcase classname="tests.test_oauth_prep" name="test_oauth_setup_guide_provider_shape_tiktok" time="0.095" /><testcase classname="tests.test_oauth_prep" name="test_oauth_setup_guide_provider_shape_instagram" time="0.095" /><testcase classname="tests.test_oauth_prep" name="test_oauth_setup_guide_provider_shape_youtube" time="0.093" /><testcase classname="tests.test_oauth_prep" name="test_oauth_secrets_never_exposed_in_payload" time="0.108" /><testcase classname="tests.test_oauth_prep" name="test_oauth_single_provider_known" time="0.096" /><testcase classname="tests.test_oauth_prep" name="test_oauth_single_provider_unknown_404" time="0.100" /><testcase classname="tests.test_locale_coverage.TestLocaleKeyParity" name="test_all_supported_locales_exist" time="0.000" /><testcase classname="tests.test_locale_coverage.TestLocaleKeyParity" name="test_required_keys_in_every_locale" time="0.001" /><testcase classname="tests.test_locale_coverage.TestLocaleKeyParity" name="test_no_locale_collides_on_supported_lang_codes" time="0.001" /></testsuite></testsuites>