<?xml version="1.0" encoding="utf-8"?><testsuites name="pytest tests"><testsuite name="pytest" errors="0" failures="0" skipped="0" tests="24" time="3.564" timestamp="2026-06-20T01:15:13.815287+00:00" hostname="agent-env-664d6ff3-6be0-4ff0-893c-73aabbf7de33"><testcase classname="tests.test_midi" name="test_midi_status_advertises_capabilities" time="0.149" /><testcase classname="tests.test_midi" name="test_midi_default_mapping_shape" time="0.102" /><testcase classname="tests.test_midi" name="test_midi_mapping_save_and_recall_roundtrip" time="0.198" /><testcase classname="tests.test_midi" name="test_midi_mapping_unknown_owner_falls_back_to_default" time="0.091" /><testcase classname="tests.test_midi" name="test_midi_mapping_rejects_invalid_owners[]" time="0.109" /><testcase classname="tests.test_midi" name="test_midi_mapping_rejects_invalid_owners[ ]" time="0.103" /><testcase classname="tests.test_midi" name="test_midi_mapping_rejects_invalid_owners[no spaces ok]" time="0.108" /><testcase classname="tests.test_midi" name="test_midi_mapping_rejects_invalid_owners[\xf4_\xe9]" time="0.092" /><testcase classname="tests.test_midi" name="test_midi_mapping_rejects_invalid_owners[xxxxxxxxxxxxxxxxxxxxxxxxxxxxxxxxxxxxxxxxxxxxxxxxxxxxxxxxxxxxxxxxxxxxxxxxxxxxxxxx]" time="0.103" /><testcase classname="tests.test_midi" name="test_midi_mapping_rejects_invalid_owners[with/slash]" time="0.087" /><testcase classname="tests.test_midi" name="test_midi_mapping_rejects_out_of_range_pitch" time="0.101" /><testcase classname="tests.test_midi" name="test_midi_mapping_rejects_non_numeric_cc" time="0.103" /><testcase classname="tests.test_midi" name="test_midi_mapping_path_rejects_bad_owner" time="0.095" /><testcase classname="tests.test_midi" name="test_midi_session_log_full_payload" time="0.100" /><testcase classname="tests.test_midi" name="test_midi_session_rejects_unknown_style" time="0.123" /><testcase classname="tests.test_midi" name="test_midi_session_accepts_minimal_payload" time="0.103" /><testcase classname="tests.test_midi" name="test_midi_session_recent_lists_latest_first" time="0.395" /><testcase classname="tests.test_midi" name="test_midi_session_recent_clamps_limit" time="0.110" /><testcase classname="tests.test_midi" name="test_helpers_cc_to_tempo_mapping" time="1.201" /><testcase classname="tests.test_midi" name="test_helpers_cc_to_pan_mapping" time="0.000" /><testcase classname="tests.test_midi" name="test_helpers_cc_to_style_buckets" time="0.000" /><testcase classname="tests.test_locale_coverage.TestLocaleKeyParity" name="test_all_supported_locales_exist" time="0.000" /><testcase classname="tests.test_locale_coverage.TestLocaleKeyParity" name="test_required_keys_in_every_locale" time="0.001" /><testcase classname="tests.test_locale_coverage.TestLocaleKeyParity" name="test_no_locale_collides_on_supported_lang_codes" time="0.001" /></testsuite></testsuites>