<?xml version="1.0" encoding="utf-8"?><testsuites name="pytest tests"><testsuite name="pytest" errors="0" failures="0" skipped="0" tests="105" time="250.542" timestamp="2026-06-19T02:22:15.721365+00:00" hostname="agent-env-664d6ff3-6be0-4ff0-893c-73aabbf7de33"><testcase classname="tests.test_ai_endpoints.TestStatusProbes" name="test_music_status_shape" time="0.139" /><testcase classname="tests.test_ai_endpoints.TestStatusProbes" name="test_stems_status_enabled" time="0.155" /><testcase classname="tests.test_ai_endpoints.TestAssistant" name="test_assistant_happy_path_add_midi_and_tempo" time="0.229" /><testcase classname="tests.test_ai_endpoints.TestAssistant" name="test_assistant_metronome_phrase_fallback_shape" time="0.129" /><testcase classname="tests.test_ai_endpoints.TestMusicGenLegacy" name="test_generate_music_behaviour_respects_fal_state" time="0.354" /><testcase classname="tests.test_ai_endpoints.TestStems" name="test_separate_stems_no_input_returns_400" time="0.137" /><testcase classname="tests.test_album_and_scheduler.TestAlbumTeaser" name="test_album_teaser_drop_map" time="1.662" /><testcase classname="tests.test_album_and_scheduler.TestAlbumTeaser" name="test_album_teaser_sequential_mode" time="1.224" /><testcase classname="tests.test_album_and_scheduler.TestAlbumTeaser" name="test_album_teaser_validation" time="0.373" /><testcase classname="tests.test_album_and_scheduler.TestAlbumTeaser" name="test_album_cover_path_traversal_blocked" time="0.115" /><testcase classname="tests.test_album_and_scheduler.TestScheduler" name="test_scheduled_endpoint_returns_list" time="0.098" /><testcase classname="tests.test_album_and_scheduler.TestScheduler" name="test_scheduling_a_tiktok_job_requires_creds" time="0.002" /><testcase classname="tests.test_bantu_hardware.TestBantuGrid" name="test_bikutsi_44_density_16_bars_4" time="0.002" /><testcase classname="tests.test_bantu_hardware.TestBantuGrid" name="test_bikutsi_68_density_12_bars_2" time="0.041" /><testcase classname="tests.test_bantu_hardware.TestBantuGrid" name="test_bikutsi_1224_density_24_bars_4_polyrhythm" time="0.043" /><testcase classname="tests.test_bantu_hardware.TestBantuGrid" name="test_asiko_wisdom_succeeds" time="0.043" /><testcase classname="tests.test_bantu_hardware.TestBantuGrid" name="test_makossa_roots_succeeds" time="0.042" /><testcase classname="tests.test_bantu_hardware.TestBantuGrid" name="test_invalid_style_returns_400" time="0.042" /><testcase classname="tests.test_bantu_hardware.TestQuantizeStyles" name="test_list_returns_all_5_styles" time="0.043" /><testcase classname="tests.test_bantu_hardware.TestHardwareSetup" name="test_setup_hardware_saves" time="0.044" /><testcase classname="tests.test_bantu_hardware.TestHardwareSetup" name="test_setup_hardware_with_defaults" time="0.043" /><testcase classname="tests.test_bantu_parity" name="test_bantu_grid_parity[16-4-asiko_wisdom]" time="0.027" /><testcase classname="tests.test_bantu_parity" name="test_bantu_grid_parity[16-4-makossa_roots]" time="0.028" /><testcase classname="tests.test_bantu_parity" name="test_bantu_grid_parity[16-4-bikutsi_44]" time="0.026" /><testcase classname="tests.test_bantu_parity" name="test_bantu_grid_parity[16-4-bikutsi_68]" time="0.027" /><testcase classname="tests.test_bantu_parity" name="test_bantu_grid_parity[16-4-bikutsi_1224]" time="0.027" /><testcase classname="tests.test_bantu_parity" name="test_bantu_grid_parity[16-1-asiko_wisdom]" time="0.027" /><testcase classname="tests.test_bantu_parity" name="test_bantu_grid_parity[16-1-makossa_roots]" time="0.027" /><testcase classname="tests.test_bantu_parity" name="test_bantu_grid_parity[16-1-bikutsi_44]" time="0.027" /><testcase classname="tests.test_bantu_parity" name="test_bantu_grid_parity[16-1-bikutsi_68]" time="0.027" /><testcase classname="tests.test_bantu_parity" name="test_bantu_grid_parity[16-1-bikutsi_1224]" time="0.028" /><testcase classname="tests.test_bantu_parity" name="test_bantu_grid_parity[32-8-asiko_wisdom]" time="0.026" /><testcase classname="tests.test_bantu_parity" name="test_bantu_grid_parity[32-8-makossa_roots]" time="0.026" /><testcase classname="tests.test_bantu_parity" name="test_bantu_grid_parity[32-8-bikutsi_44]" time="0.027" /><testcase classname="tests.test_bantu_parity" name="test_bantu_grid_parity[32-8-bikutsi_68]" time="0.027" /><testcase classname="tests.test_bantu_parity" name="test_bantu_grid_parity[32-8-bikutsi_1224]" time="0.025" /><testcase classname="tests.test_bantu_parity" name="test_bantu_grid_parity[8-2-asiko_wisdom]" time="0.027" /><testcase classname="tests.test_bantu_parity" name="test_bantu_grid_parity[8-2-makossa_roots]" time="0.025" /><testcase classname="tests.test_bantu_parity" name="test_bantu_grid_parity[8-2-bikutsi_44]" time="0.026" /><testcase classname="tests.test_bantu_parity" name="test_bantu_grid_parity[8-2-bikutsi_68]" time="0.027" /><testcase classname="tests.test_bantu_parity" name="test_bantu_grid_parity[8-2-bikutsi_1224]" time="0.026" /><testcase classname="tests.test_bantu_parity" name="test_bantu_grid_parity[24-6-asiko_wisdom]" time="0.029" /><testcase classname="tests.test_bantu_parity" name="test_bantu_grid_parity[24-6-makossa_roots]" time="0.028" /><testcase classname="tests.test_bantu_parity" name="test_bantu_grid_parity[24-6-bikutsi_44]" time="0.027" /><testcase classname="tests.test_bantu_parity" name="test_bantu_grid_parity[24-6-bikutsi_68]" time="0.025" /><testcase classname="tests.test_bantu_parity" name="test_bantu_grid_parity[24-6-bikutsi_1224]" time="0.027" /><testcase classname="tests.test_bantu_parity" name="test_js_module_resolves" time="0.028" /><testcase classname="tests.test_boot_and_snippets.TestBootCinematic" name="test_boot_cinematic_default" time="1.110" /><testcase classname="tests.test_boot_and_snippets.TestBootCinematic" name="test_boot_cinematic_custom_subtitles" time="0.550" /><testcase classname="tests.test_boot_and_snippets.TestBootCinematic" name="test_boot_cinematic_bad_format" time="0.103" /><testcase classname="tests.test_boot_and_snippets.TestReelSnippets" name="test_snippets_3_candidates" time="1.192" /><testcase classname="tests.test_boot_and_snippets.TestReelSnippets" name="test_snippets_short_input_full_track" time="0.312" /><testcase classname="tests.test_boot_and_snippets.TestReelSnippets" name="test_snippets_window_out_of_range" time="0.189" /><testcase classname="tests.test_boot_and_snippets.TestReelSnippets" name="test_snippets_no_file_returns_422" time="0.002" /><testcase classname="tests.test_boot_and_snippets.TestReelStartSec" name="test_bantu_reel_accepts_start_sec" time="2.016" /><testcase classname="tests.test_generator_endpoints.TestGenerateLyrics" name="test_lyrics_returns_structured_payload" time="0.141" /><testcase classname="tests.test_generator_endpoints.TestGenerateLyrics" name="test_lyrics_persists_in_workspace" time="0.263" /><testcase classname="tests.test_generator_endpoints.TestGenerateTrack" name="test_track_endpoint_shape_respects_fal_state" time="112.669" /><testcase classname="tests.test_generator_endpoints.TestGenerateTrack" name="test_track_card_appears_in_workspace" time="37.489" /><testcase classname="tests.test_generator_endpoints.TestWorkspace" name="test_workspace_list_shape" time="0.108" /><testcase classname="tests.test_generator_endpoints.TestWorkspace" name="test_delete_removes_entry" time="0.521" /><testcase classname="tests.test_generator_endpoints.TestWorkspace" name="test_workspace_file_404_for_lyrics" time="0.266" /><testcase classname="tests.test_generator_extensions.TestLibrary" name="test_library_lists_4_loops" time="0.708" /><testcase classname="tests.test_generator_extensions.TestUploadReference" name="test_upload_wav_creates_workspace_entry" time="0.356" /><testcase classname="tests.test_generator_extensions.TestUploadReference" name="test_voice_recording_default_title" time="0.113" /><testcase classname="tests.test_generator_extensions.TestUploadReference" name="test_upload_rejects_unsupported_extension" time="0.002" /><testcase classname="tests.test_generator_extensions.TestUploadReference" name="test_upload_rejects_empty_file" time="0.002" /><testcase classname="tests.test_generator_extensions.TestUploadReference" name="test_upload_rejects_invalid_kind" time="0.014" /><testcase classname="tests.test_generator_extensions.TestGenerateTrackTitle" name="test_user_title_overrides_local_title" time="37.964" /><testcase classname="tests.test_generator_extensions.TestGenerateTrackTitle" name="test_default_title_when_not_provided" time="37.780" /><testcase classname="tests.test_genesis_endpoint.TestGenesisStatus" name="test_genesis_status_shape" time="0.212" /><testcase classname="tests.test_promo_and_studio_live.TestPromoCascade" name="test_cascade_pack_only_when_no_creds" time="3.915" /><testcase classname="tests.test_promo_and_studio_live.TestPromoCascade" name="test_cascade_validation_errors" time="0.357" /><testcase classname="tests.test_promo_and_studio_live.TestStudioLiveSessions" name="test_sessions_endpoint_initially_empty" time="0.119" /><testcase classname="tests.test_promo_and_studio_live.TestStudioLiveSessions" name="test_websocket_relay_2_clients" time="0.619" /><testcase classname="tests.test_promo_and_studio_live.TestStudioLiveSessions" name="test_sessions_listed_during_connection" time="0.647" /><testcase classname="tests.test_reel_endpoint.TestReelStatus" name="test_reel_status_shape" time="0.159" /><testcase classname="tests.test_reel_endpoint.TestBantuReel" name="test_reel_unknown_format_returns_400" time="0.068" /><testcase classname="tests.test_reel_endpoint.TestBantuReel" name="test_reel_no_file_returns_422" time="0.002" /><testcase classname="tests.test_reel_endpoint.TestBantuReel" name="test_reel_generates_mp4_and_mp3" time="1.128" /><testcase classname="tests.test_reel_endpoint.TestBantuReel" name="test_reel_path_traversal_blocked" time="0.100" /><testcase classname="tests.test_remix_endpoint.TestMagicRemix" name="test_remix_status_shape" time="0.222" /><testcase classname="tests.test_remix_endpoint.TestMagicRemix" name="test_remix_invalid_bantu_style_returns_400" time="0.108" /><testcase classname="tests.test_remix_endpoint.TestMagicRemix" name="test_remix_no_file_returns_422" time="0.114" /><testcase classname="tests.test_riba_api.TestHealth" name="test_health_ok" time="0.002" /><testcase classname="tests.test_riba_api.TestDream" name="test_dream_generate_returns_notes" time="0.078" /><testcase classname="tests.test_riba_api.TestDream" name="test_dream_generate_empty_prompt_400" time="0.042" /><testcase classname="tests.test_riba_api.TestDream" name="test_dream_history_contains_recent" time="0.007" /><testcase classname="tests.test_riba_api.TestMastering" name="test_mastering_suggest" time="0.080" /><testcase classname="tests.test_riba_api.TestSessions" name="test_session_full_crud" time="0.301" /><testcase classname="tests.test_riba_api.TestSessions" name="test_session_get_nonexistent_404" time="0.042" /><testcase classname="tests.test_share_endpoints.TestShareStatus" name="test_status_shape_when_no_creds" time="0.102" /><testcase classname="tests.test_share_endpoints.TestSharePrepare" name="test_prepare_with_known_style" time="0.100" /><testcase classname="tests.test_share_endpoints.TestSharePrepare" name="test_prepare_fuzzy_style_match" time="0.105" /><testcase classname="tests.test_share_endpoints.TestSharePrepare" name="test_prepare_without_style" time="0.104" /><testcase classname="tests.test_share_endpoints.TestSharePrepare" name="test_prepare_skip_riba_brand" time="0.103" /><testcase classname="tests.test_share_endpoints.TestSharePrepare" name="test_prepare_limits_truncation" time="0.098" /><testcase classname="tests.test_share_endpoints.TestSharePublish" name="test_publish_unknown_platform_returns_400" time="0.002" /><testcase classname="tests.test_share_endpoints.TestSharePublish" name="test_publish_returns_503_when_creds_missing" time="0.004" /><testcase classname="tests.test_share_endpoints.TestShareJobs" name="test_share_jobs_returns_list" time="0.095" /><testcase classname="tests.test_translate.TestTranslateStatus" name="test_status_shape" time="0.100" /><testcase classname="tests.test_translate.TestTranslateSingle" name="test_empty_text_rejected" time="0.102" /><testcase classname="tests.test_translate.TestTranslateSingle" name="test_translate_returns_shape" time="0.145" /><testcase classname="tests.test_translate.TestTranslateSingle" name="test_translate_changes_text_when_llm_enabled" time="0.181" /><testcase classname="tests.test_translate.TestTranslateBatch" name="test_batch_keeps_keys" time="0.129" /></testsuite></testsuites>