<?xml version="1.0" encoding="utf-8"?><testsuites name="pytest tests"><testsuite name="pytest" errors="0" failures="0" skipped="0" tests="185" time="287.310" timestamp="2026-06-20T01:10:21.107655+00:00" hostname="agent-env-664d6ff3-6be0-4ff0-893c-73aabbf7de33"><testcase classname="tests.test_ai_endpoints.TestStatusProbes" name="test_music_status_shape" time="0.134" /><testcase classname="tests.test_ai_endpoints.TestStatusProbes" name="test_stems_status_enabled" time="0.094" /><testcase classname="tests.test_ai_endpoints.TestAssistant" name="test_assistant_happy_path_add_midi_and_tempo" time="0.144" /><testcase classname="tests.test_ai_endpoints.TestAssistant" name="test_assistant_metronome_phrase_fallback_shape" time="0.149" /><testcase classname="tests.test_ai_endpoints.TestMusicGenLegacy" name="test_generate_music_behaviour_respects_fal_state" time="0.255" /><testcase classname="tests.test_ai_endpoints.TestStems" name="test_separate_stems_no_input_returns_400" time="0.108" /><testcase classname="tests.test_ai_endpoints.TestStems" name="test_separate_stems_with_tiny_wav" time="6.305" /><testcase classname="tests.test_album_and_scheduler.TestAlbumTeaser" name="test_album_teaser_drop_map" time="1.717" /><testcase classname="tests.test_album_and_scheduler.TestAlbumTeaser" name="test_album_teaser_sequential_mode" time="1.202" /><testcase classname="tests.test_album_and_scheduler.TestAlbumTeaser" name="test_album_teaser_validation" time="0.389" /><testcase classname="tests.test_album_and_scheduler.TestAlbumTeaser" name="test_album_cover_path_traversal_blocked" time="0.107" /><testcase classname="tests.test_album_and_scheduler.TestScheduler" name="test_scheduled_endpoint_returns_list" time="0.097" /><testcase classname="tests.test_album_and_scheduler.TestScheduler" name="test_scheduling_a_tiktok_job_requires_creds" time="0.002" /><testcase classname="tests.test_bantu_hardware.TestBantuGrid" name="test_bikutsi_44_density_16_bars_4" time="0.002" /><testcase classname="tests.test_bantu_hardware.TestBantuGrid" name="test_bikutsi_68_density_12_bars_2" time="0.041" /><testcase classname="tests.test_bantu_hardware.TestBantuGrid" name="test_bikutsi_1224_density_24_bars_4_polyrhythm" time="0.043" /><testcase classname="tests.test_bantu_hardware.TestBantuGrid" name="test_asiko_wisdom_succeeds" time="0.043" /><testcase classname="tests.test_bantu_hardware.TestBantuGrid" name="test_makossa_roots_succeeds" time="0.043" /><testcase classname="tests.test_bantu_hardware.TestBantuGrid" name="test_invalid_style_returns_400" time="0.043" /><testcase classname="tests.test_bantu_hardware.TestQuantizeStyles" name="test_list_returns_all_5_styles" time="0.042" /><testcase classname="tests.test_bantu_hardware.TestHardwareSetup" name="test_setup_hardware_saves" time="0.044" /><testcase classname="tests.test_bantu_hardware.TestHardwareSetup" name="test_setup_hardware_with_defaults" time="0.044" /><testcase classname="tests.test_bantu_parity" name="test_bantu_grid_parity[16-4-asiko_wisdom]" time="0.029" /><testcase classname="tests.test_bantu_parity" name="test_bantu_grid_parity[16-4-makossa_roots]" time="0.028" /><testcase classname="tests.test_bantu_parity" name="test_bantu_grid_parity[16-4-bikutsi_44]" time="0.030" /><testcase classname="tests.test_bantu_parity" name="test_bantu_grid_parity[16-4-bikutsi_68]" time="0.028" /><testcase classname="tests.test_bantu_parity" name="test_bantu_grid_parity[16-4-bikutsi_1224]" time="0.028" /><testcase classname="tests.test_bantu_parity" name="test_bantu_grid_parity[16-1-asiko_wisdom]" time="0.028" /><testcase classname="tests.test_bantu_parity" name="test_bantu_grid_parity[16-1-makossa_roots]" time="0.031" /><testcase classname="tests.test_bantu_parity" name="test_bantu_grid_parity[16-1-bikutsi_44]" time="0.032" /><testcase classname="tests.test_bantu_parity" name="test_bantu_grid_parity[16-1-bikutsi_68]" time="0.028" /><testcase classname="tests.test_bantu_parity" name="test_bantu_grid_parity[16-1-bikutsi_1224]" time="0.030" /><testcase classname="tests.test_bantu_parity" name="test_bantu_grid_parity[32-8-asiko_wisdom]" time="0.031" /><testcase classname="tests.test_bantu_parity" name="test_bantu_grid_parity[32-8-makossa_roots]" time="0.028" /><testcase classname="tests.test_bantu_parity" name="test_bantu_grid_parity[32-8-bikutsi_44]" time="0.030" /><testcase classname="tests.test_bantu_parity" name="test_bantu_grid_parity[32-8-bikutsi_68]" time="0.029" /><testcase classname="tests.test_bantu_parity" name="test_bantu_grid_parity[32-8-bikutsi_1224]" time="0.030" /><testcase classname="tests.test_bantu_parity" name="test_bantu_grid_parity[8-2-asiko_wisdom]" time="0.030" /><testcase classname="tests.test_bantu_parity" name="test_bantu_grid_parity[8-2-makossa_roots]" time="0.029" /><testcase classname="tests.test_bantu_parity" name="test_bantu_grid_parity[8-2-bikutsi_44]" time="0.029" /><testcase classname="tests.test_bantu_parity" name="test_bantu_grid_parity[8-2-bikutsi_68]" time="0.029" /><testcase classname="tests.test_bantu_parity" name="test_bantu_grid_parity[8-2-bikutsi_1224]" time="0.031" /><testcase classname="tests.test_bantu_parity" name="test_bantu_grid_parity[24-6-asiko_wisdom]" time="0.030" /><testcase classname="tests.test_bantu_parity" name="test_bantu_grid_parity[24-6-makossa_roots]" time="0.029" /><testcase classname="tests.test_bantu_parity" name="test_bantu_grid_parity[24-6-bikutsi_44]" time="0.028" /><testcase classname="tests.test_bantu_parity" name="test_bantu_grid_parity[24-6-bikutsi_68]" time="0.028" /><testcase classname="tests.test_bantu_parity" name="test_bantu_grid_parity[24-6-bikutsi_1224]" time="0.029" /><testcase classname="tests.test_bantu_parity" name="test_js_module_resolves" time="0.028" /><testcase classname="tests.test_boot_and_snippets.TestBootCinematic" name="test_boot_cinematic_default" time="1.161" /><testcase classname="tests.test_boot_and_snippets.TestBootCinematic" name="test_boot_cinematic_custom_subtitles" time="0.605" /><testcase classname="tests.test_boot_and_snippets.TestBootCinematic" name="test_boot_cinematic_bad_format" time="0.074" /><testcase classname="tests.test_boot_and_snippets.TestReelSnippets" name="test_snippets_3_candidates" time="1.200" /><testcase classname="tests.test_boot_and_snippets.TestReelSnippets" name="test_snippets_short_input_full_track" time="0.315" /><testcase classname="tests.test_boot_and_snippets.TestReelSnippets" name="test_snippets_window_out_of_range" time="0.192" /><testcase classname="tests.test_boot_and_snippets.TestReelSnippets" name="test_snippets_no_file_returns_422" time="0.002" /><testcase classname="tests.test_boot_and_snippets.TestReelStartSec" name="test_bantu_reel_accepts_start_sec" time="2.085" /><testcase classname="tests.test_featured_curation.TestFeaturedEndpoint" name="test_featured_returns_shape" time="0.097" /><testcase classname="tests.test_featured_curation.TestFeaturedEndpoint" name="test_featured_respects_limit_param" time="0.096" /><testcase classname="tests.test_featured_curation.TestFeaturedEndpoint" name="test_featured_includes_recent_trending" time="0.619" /><testcase classname="tests.test_featured_curation.TestCuratorEndpoint" name="test_feature_endpoint_403_without_token" time="0.097" /><testcase classname="tests.test_featured_curation.TestCuratorEndpoint" name="test_feature_endpoint_403_with_bad_token" time="0.098" /><testcase classname="tests.test_generator_endpoints.TestGenerateLyrics" name="test_lyrics_returns_structured_payload" time="0.162" /><testcase classname="tests.test_generator_endpoints.TestGenerateLyrics" name="test_lyrics_persists_in_workspace" time="0.241" /><testcase classname="tests.test_generator_endpoints.TestGenerateTrack" name="test_track_endpoint_shape_respects_fal_state" time="75.253" /><testcase classname="tests.test_generator_endpoints.TestGenerateTrack" name="test_track_card_appears_in_workspace" time="72.800" /><testcase classname="tests.test_generator_endpoints.TestWorkspace" name="test_workspace_list_shape" time="0.113" /><testcase classname="tests.test_generator_endpoints.TestWorkspace" name="test_delete_removes_entry" time="0.470" /><testcase classname="tests.test_generator_endpoints.TestWorkspace" name="test_workspace_file_404_for_lyrics" time="0.246" /><testcase classname="tests.test_generator_extensions.TestLibrary" name="test_library_lists_4_loops" time="0.655" /><testcase classname="tests.test_generator_extensions.TestUploadReference" name="test_upload_wav_creates_workspace_entry" time="0.398" /><testcase classname="tests.test_generator_extensions.TestUploadReference" name="test_voice_recording_default_title" time="0.118" /><testcase classname="tests.test_generator_extensions.TestUploadReference" name="test_upload_rejects_unsupported_extension" time="0.002" /><testcase classname="tests.test_generator_extensions.TestUploadReference" name="test_upload_rejects_empty_file" time="0.002" /><testcase classname="tests.test_generator_extensions.TestUploadReference" name="test_upload_rejects_invalid_kind" time="0.015" /><testcase classname="tests.test_generator_extensions.TestGenerateTrackTitle" name="test_user_title_overrides_local_title" time="37.670" /><testcase classname="tests.test_generator_extensions.TestGenerateTrackTitle" name="test_default_title_when_not_provided" time="37.327" /><testcase classname="tests.test_genesis_endpoint.TestGenesisStatus" name="test_genesis_status_shape" time="0.238" /><testcase classname="tests.test_launch_visuals.TestLaunchVisuals" name="test_all_visuals_present" time="0.000" /><testcase classname="tests.test_launch_visuals.TestLaunchVisuals" name="test_visuals_dimensions_match_spec" time="0.004" /><testcase classname="tests.test_library_v2.TestLikes" name="test_like_toggle_is_idempotent" time="0.516" /><testcase classname="tests.test_library_v2.TestLikes" name="test_like_dedup_across_clients" time="0.647" /><testcase classname="tests.test_library_v2.TestLikes" name="test_like_requires_client_id" time="0.316" /><testcase classname="tests.test_library_v2.TestLikes" name="test_like_status_endpoint" time="0.385" /><testcase classname="tests.test_library_v2.TestComments" name="test_post_and_list_comment" time="0.397" /><testcase classname="tests.test_library_v2.TestComments" name="test_post_comment_strips_html" time="0.430" /><testcase classname="tests.test_library_v2.TestComments" name="test_post_rejects_empty" time="0.313" /><testcase classname="tests.test_library_v2.TestComments" name="test_delete_comment_requires_author_token" time="0.494" /><testcase classname="tests.test_library_v2.TestGriotProfile" name="test_griot_profile_aggregates_records" time="1.028" /><testcase classname="tests.test_library_v2.TestGriotProfile" name="test_griot_profile_404" time="0.090" /><testcase classname="tests.test_library_v2.TestHeatmap" name="test_heatmap_shape" time="0.113" /><testcase classname="tests.test_locale_coverage.TestLocaleKeyParity" name="test_all_supported_locales_exist" time="0.000" /><testcase classname="tests.test_locale_coverage.TestLocaleKeyParity" name="test_required_keys_in_every_locale" time="0.001" /><testcase classname="tests.test_locale_coverage.TestLocaleKeyParity" name="test_no_locale_collides_on_supported_lang_codes" time="0.001" /><testcase classname="tests.test_midi" name="test_midi_status_advertises_capabilities" time="0.108" /><testcase classname="tests.test_midi" name="test_midi_default_mapping_shape" time="0.097" /><testcase classname="tests.test_midi" name="test_midi_mapping_save_and_recall_roundtrip" time="0.214" /><testcase classname="tests.test_midi" name="test_midi_mapping_unknown_owner_falls_back_to_default" time="0.096" /><testcase classname="tests.test_midi" name="test_midi_mapping_rejects_invalid_owners[]" time="0.108" /><testcase classname="tests.test_midi" name="test_midi_mapping_rejects_invalid_owners[ ]" time="0.105" /><testcase classname="tests.test_midi" name="test_midi_mapping_rejects_invalid_owners[no spaces ok]" time="0.095" /><testcase classname="tests.test_midi" name="test_midi_mapping_rejects_invalid_owners[\xf4_\xe9]" time="0.103" /><testcase classname="tests.test_midi" name="test_midi_mapping_rejects_invalid_owners[xxxxxxxxxxxxxxxxxxxxxxxxxxxxxxxxxxxxxxxxxxxxxxxxxxxxxxxxxxxxxxxxxxxxxxxxxxxxxxxx]" time="0.103" /><testcase classname="tests.test_midi" name="test_midi_mapping_rejects_invalid_owners[with/slash]" time="0.104" /><testcase classname="tests.test_midi" name="test_midi_mapping_rejects_out_of_range_pitch" time="0.096" /><testcase classname="tests.test_midi" name="test_midi_mapping_rejects_non_numeric_cc" time="0.104" /><testcase classname="tests.test_midi" name="test_midi_mapping_path_rejects_bad_owner" time="0.141" /><testcase classname="tests.test_midi" name="test_midi_session_log_full_payload" time="0.105" /><testcase classname="tests.test_midi" name="test_midi_session_rejects_unknown_style" time="0.110" /><testcase classname="tests.test_midi" name="test_midi_session_accepts_minimal_payload" time="0.099" /><testcase classname="tests.test_midi" name="test_midi_session_recent_lists_latest_first" time="0.398" /><testcase classname="tests.test_midi" name="test_midi_session_recent_clamps_limit" time="0.106" /><testcase classname="tests.test_midi" name="test_helpers_cc_to_tempo_mapping" time="0.000" /><testcase classname="tests.test_midi" name="test_helpers_cc_to_pan_mapping" time="0.000" /><testcase classname="tests.test_midi" name="test_helpers_cc_to_style_buckets" time="0.000" /><testcase classname="tests.test_promo_and_studio_live.TestPromoCascade" name="test_cascade_pack_only_when_no_creds" time="3.965" /><testcase classname="tests.test_promo_and_studio_live.TestPromoCascade" name="test_cascade_validation_errors" time="0.324" /><testcase classname="tests.test_promo_and_studio_live.TestStudioLiveSessions" name="test_sessions_endpoint_initially_empty" time="0.094" /><testcase classname="tests.test_promo_and_studio_live.TestStudioLiveSessions" name="test_websocket_relay_2_clients" time="0.697" /><testcase classname="tests.test_promo_and_studio_live.TestStudioLiveSessions" name="test_sessions_listed_during_connection" time="0.704" /><testcase classname="tests.test_reel_endpoint.TestReelStatus" name="test_reel_status_shape" time="0.173" /><testcase classname="tests.test_reel_endpoint.TestBantuReel" name="test_reel_unknown_format_returns_400" time="0.068" /><testcase classname="tests.test_reel_endpoint.TestBantuReel" name="test_reel_no_file_returns_422" time="0.002" /><testcase classname="tests.test_reel_endpoint.TestBantuReel" name="test_reel_generates_mp4_and_mp3" time="1.161" /><testcase classname="tests.test_reel_endpoint.TestBantuReel" name="test_reel_path_traversal_blocked" time="0.096" /><testcase classname="tests.test_remix_endpoint.TestMagicRemix" name="test_remix_status_shape" time="0.195" /><testcase classname="tests.test_remix_endpoint.TestMagicRemix" name="test_remix_invalid_bantu_style_returns_400" time="0.098" /><testcase classname="tests.test_remix_endpoint.TestMagicRemix" name="test_remix_no_file_returns_422" time="0.093" /><testcase classname="tests.test_riba_api.TestHealth" name="test_health_ok" time="0.002" /><testcase classname="tests.test_riba_api.TestDream" name="test_dream_generate_returns_notes" time="0.109" /><testcase classname="tests.test_riba_api.TestDream" name="test_dream_generate_empty_prompt_400" time="0.043" /><testcase classname="tests.test_riba_api.TestDream" name="test_dream_history_contains_recent" time="0.009" /><testcase classname="tests.test_riba_api.TestMastering" name="test_mastering_suggest" time="0.081" /><testcase classname="tests.test_riba_api.TestSessions" name="test_session_full_crud" time="0.303" /><testcase classname="tests.test_riba_api.TestSessions" name="test_session_get_nonexistent_404" time="0.043" /><testcase classname="tests.test_share_endpoints.TestShareStatus" name="test_status_shape_when_no_creds" time="0.107" /><testcase classname="tests.test_share_endpoints.TestSharePrepare" name="test_prepare_with_known_style" time="0.106" /><testcase classname="tests.test_share_endpoints.TestSharePrepare" name="test_prepare_fuzzy_style_match" time="0.100" /><testcase classname="tests.test_share_endpoints.TestSharePrepare" name="test_prepare_without_style" time="0.115" /><testcase classname="tests.test_share_endpoints.TestSharePrepare" name="test_prepare_skip_riba_brand" time="0.099" /><testcase classname="tests.test_share_endpoints.TestSharePrepare" name="test_prepare_limits_truncation" time="0.093" /><testcase classname="tests.test_share_endpoints.TestSharePublish" name="test_publish_unknown_platform_returns_400" time="0.002" /><testcase classname="tests.test_share_endpoints.TestSharePublish" name="test_publish_returns_503_when_creds_missing" time="0.004" /><testcase classname="tests.test_share_endpoints.TestShareJobs" name="test_share_jobs_returns_list" time="0.097" /><testcase classname="tests.test_storytelling.TestStorytellingStatus" name="test_status_shape" time="0.097" /><testcase classname="tests.test_storytelling.TestStorytellingGenerate" name="test_validates_theme_min_length" time="0.098" /><testcase classname="tests.test_storytelling.TestStorytellingGenerate" name="test_chapter_contract_holds" time="0.143" /><testcase classname="tests.test_storytelling.TestStorytellingGenerate" name="test_lyrics_present" time="0.134" /><testcase classname="tests.test_storytelling.TestStorytellingGenerate" name="test_language_supported[fr]" time="0.148" /><testcase classname="tests.test_storytelling.TestStorytellingGenerate" name="test_language_supported[en]" time="0.127" /><testcase classname="tests.test_storytelling.TestStorytellingGenerate" name="test_language_supported[es]" time="0.137" /><testcase classname="tests.test_storytelling.TestStorytellingGenerate" name="test_language_supported[pt]" time="0.143" /><testcase classname="tests.test_storytelling.TestStorytellingGenerate" name="test_language_supported[sw]" time="0.138" /><testcase classname="tests.test_storytelling.TestStorytellingGenerate" name="test_unknown_language_falls_back_to_french" time="0.149" /><testcase classname="tests.test_storytelling.TestStorytellingGenerate" name="test_total_bars_respected_even_when_small" time="0.129" /><testcase classname="tests.test_storytelling_library.TestLibraryStats" name="test_stats_shape" time="0.106" /><testcase classname="tests.test_storytelling_library.TestPublishStory" name="test_publish_returns_id_and_token" time="0.211" /><testcase classname="tests.test_storytelling_library.TestPublishStory" name="test_publish_rejects_bad_language" time="0.093" /><testcase classname="tests.test_storytelling_library.TestPublishStory" name="test_publish_rejects_unknown_style" time="0.097" /><testcase classname="tests.test_storytelling_library.TestPublishStory" name="test_publish_rejects_non_contiguous_bars" time="0.121" /><testcase classname="tests.test_storytelling_library.TestPublishStory" name="test_publish_rejects_short_title" time="0.098" /><testcase classname="tests.test_storytelling_library.TestPublishStory" name="test_publish_rejects_bad_arrangement_hint" time="0.113" /><testcase classname="tests.test_storytelling_library.TestBrowseLibrary" name="test_browse_default_recent" time="0.401" /><testcase classname="tests.test_storytelling_library.TestBrowseLibrary" name="test_browse_filter_by_language" time="0.101" /><testcase classname="tests.test_storytelling_library.TestBrowseLibrary" name="test_browse_filter_by_style" time="15.111" /><testcase classname="tests.test_storytelling_library.TestBrowseLibrary" name="test_browse_search_query" time="0.128" /><testcase classname="tests.test_storytelling_library.TestBrowseLibrary" name="test_browse_pagination" time="0.432" /><testcase classname="tests.test_storytelling_library.TestFetchAndDelete" name="test_fetch_increments_plays" time="0.397" /><testcase classname="tests.test_storytelling_library.TestFetchAndDelete" name="test_fetch_404_for_unknown_id" time="0.095" /><testcase classname="tests.test_storytelling_library.TestFetchAndDelete" name="test_delete_requires_token" time="0.390" /><testcase classname="tests.test_storytelling_library.TestFetchAndDelete" name="test_delete_with_valid_token_works" time="0.287" /><testcase classname="tests.test_studio_live.TestSessionsRest" name="test_list_sessions_shape" time="0.099" /><testcase classname="tests.test_studio_live.TestStudioLiveSocket" name="test_two_peers_connect_and_listed" time="0.954" /><testcase classname="tests.test_studio_live.TestStudioLiveSocket" name="test_binary_frames_broadcast" time="0.840" /><testcase classname="tests.test_studio_live.TestStudioLiveSocket" name="test_sender_does_not_receive_own_frame" time="1.409" /><testcase classname="tests.test_studio_live.TestStudioLiveSocket" name="test_text_frames_broadcast" time="0.811" /><testcase classname="tests.test_studio_live.TestStudioLiveSocket" name="test_session_cleared_when_last_peer_leaves" time="1.270" /><testcase classname="tests.test_tauri_release.TestTauriAssets" name="test_tauri_config_exists_and_valid_json" time="0.000" /><testcase classname="tests.test_tauri_release.TestTauriAssets" name="test_tauri_version_bumped_to_v34" time="0.000" /><testcase classname="tests.test_tauri_release.TestTauriAssets" name="test_phoenix_icons_present_and_nonempty" time="0.000" /><testcase classname="tests.test_tauri_release.TestTauriAssets" name="test_github_release_workflow_present" time="0.000" /><testcase classname="tests.test_translate.TestTranslateStatus" name="test_status_shape" time="0.093" /><testcase classname="tests.test_translate.TestTranslateSingle" name="test_empty_text_rejected" time="0.091" /><testcase classname="tests.test_translate.TestTranslateSingle" name="test_translate_returns_shape" time="0.132" /><testcase classname="tests.test_translate.TestTranslateSingle" name="test_translate_changes_text_when_llm_enabled" time="0.144" /><testcase classname="tests.test_translate.TestTranslateBatch" name="test_batch_keeps_keys" time="0.137" /></testsuite></testsuites>