<?xml version="1.0" encoding="utf-8"?><testsuites name="pytest tests"><testsuite name="pytest" errors="0" failures="0" skipped="0" tests="7" time="6.895" timestamp="2026-06-17T21:10:21.306795+00:00" hostname="agent-env-664d6ff3-6be0-4ff0-893c-73aabbf7de33"><testcase classname="backend.tests.test_riba_api.TestHealth" name="test_health_ok" time="0.218" /><testcase classname="backend.tests.test_riba_api.TestDream" name="test_dream_generate_returns_notes" time="5.756" /><testcase classname="backend.tests.test_riba_api.TestDream" name="test_dream_generate_empty_prompt_400" time="0.052" /><testcase classname="backend.tests.test_riba_api.TestDream" name="test_dream_history_contains_recent" time="0.055" /><testcase classname="backend.tests.test_riba_api.TestMastering" name="test_mastering_suggest" time="0.105" /><testcase classname="backend.tests.test_riba_api.TestSessions" name="test_session_full_crud" time="0.415" /><testcase classname="backend.tests.test_riba_api.TestSessions" name="test_session_get_nonexistent_404" time="0.050" /></testsuite></testsuites>