<?xml version="1.0" encoding="utf-8"?><testsuites name="pytest tests"><testsuite name="pytest" errors="0" failures="0" skipped="0" tests="16" time="1.249" timestamp="2026-06-17T22:31:49.041278+00:00" hostname="agent-env-664d6ff3-6be0-4ff0-893c-73aabbf7de33"><testcase classname="backend.tests.test_bantu_hardware.TestBantuGrid" name="test_bikutsi_44_density_16_bars_4" time="0.004" /><testcase classname="backend.tests.test_bantu_hardware.TestBantuGrid" name="test_bikutsi_68_density_12_bars_2" time="0.043" /><testcase classname="backend.tests.test_bantu_hardware.TestBantuGrid" name="test_bikutsi_1224_density_24_bars_4_polyrhythm" time="0.042" /><testcase classname="backend.tests.test_bantu_hardware.TestBantuGrid" name="test_asiko_wisdom_succeeds" time="0.042" /><testcase classname="backend.tests.test_bantu_hardware.TestBantuGrid" name="test_makossa_roots_succeeds" time="0.044" /><testcase classname="backend.tests.test_bantu_hardware.TestBantuGrid" name="test_invalid_style_returns_400" time="0.042" /><testcase classname="backend.tests.test_bantu_hardware.TestQuantizeStyles" name="test_list_returns_all_5_styles" time="0.042" /><testcase classname="backend.tests.test_bantu_hardware.TestHardwareSetup" name="test_setup_hardware_saves" time="0.044" /><testcase classname="backend.tests.test_bantu_hardware.TestHardwareSetup" name="test_setup_hardware_with_defaults" time="0.044" /><testcase classname="backend.tests.test_riba_api.TestHealth" name="test_health_ok" time="0.002" /><testcase classname="backend.tests.test_riba_api.TestDream" name="test_dream_generate_returns_notes" time="0.134" /><testcase classname="backend.tests.test_riba_api.TestDream" name="test_dream_generate_empty_prompt_400" time="0.042" /><testcase classname="backend.tests.test_riba_api.TestDream" name="test_dream_history_contains_recent" time="0.045" /><testcase classname="backend.tests.test_riba_api.TestMastering" name="test_mastering_suggest" time="0.087" /><testcase classname="backend.tests.test_riba_api.TestSessions" name="test_session_full_crud" time="0.304" /><testcase classname="backend.tests.test_riba_api.TestSessions" name="test_session_get_nonexistent_404" time="0.043" /></testsuite></testsuites>