<?xml version="1.0" encoding="utf-8"?><testsuites name="pytest tests"><testsuite name="pytest" errors="0" failures="0" skipped="0" tests="48" time="6.663" timestamp="2026-06-18T22:03:32.284617+00:00" hostname="agent-env-664d6ff3-6be0-4ff0-893c-73aabbf7de33"><testcase classname="backend.tests.test_riba_api.TestHealth" name="test_health_ok" time="0.004" /><testcase classname="backend.tests.test_riba_api.TestDream" name="test_dream_generate_returns_notes" time="0.105" /><testcase classname="backend.tests.test_riba_api.TestDream" name="test_dream_generate_empty_prompt_400" time="0.058" /><testcase classname="backend.tests.test_riba_api.TestDream" name="test_dream_history_contains_recent" time="0.005" /><testcase classname="backend.tests.test_riba_api.TestMastering" name="test_mastering_suggest" time="0.085" /><testcase classname="backend.tests.test_riba_api.TestSessions" name="test_session_full_crud" time="0.318" /><testcase classname="backend.tests.test_riba_api.TestSessions" name="test_session_get_nonexistent_404" time="0.044" /><testcase classname="backend.tests.test_bantu_hardware.TestBantuGrid" name="test_bikutsi_44_density_16_bars_4" time="0.003" /><testcase classname="backend.tests.test_bantu_hardware.TestBantuGrid" name="test_bikutsi_68_density_12_bars_2" time="0.042" /><testcase classname="backend.tests.test_bantu_hardware.TestBantuGrid" name="test_bikutsi_1224_density_24_bars_4_polyrhythm" time="0.043" /><testcase classname="backend.tests.test_bantu_hardware.TestBantuGrid" name="test_asiko_wisdom_succeeds" time="0.043" /><testcase classname="backend.tests.test_bantu_hardware.TestBantuGrid" name="test_makossa_roots_succeeds" time="0.043" /><testcase classname="backend.tests.test_bantu_hardware.TestBantuGrid" name="test_invalid_style_returns_400" time="0.044" /><testcase classname="backend.tests.test_bantu_hardware.TestQuantizeStyles" name="test_list_returns_all_5_styles" time="0.043" /><testcase classname="backend.tests.test_bantu_hardware.TestHardwareSetup" name="test_setup_hardware_saves" time="0.054" /><testcase classname="backend.tests.test_bantu_hardware.TestHardwareSetup" name="test_setup_hardware_with_defaults" time="0.045" /><testcase classname="backend.tests.test_bantu_parity" name="test_bantu_grid_parity[16-4-asiko_wisdom]" time="0.041" /><testcase classname="backend.tests.test_bantu_parity" name="test_bantu_grid_parity[16-4-makossa_roots]" time="0.026" /><testcase classname="backend.tests.test_bantu_parity" name="test_bantu_grid_parity[16-4-bikutsi_44]" time="0.027" /><testcase classname="backend.tests.test_bantu_parity" name="test_bantu_grid_parity[16-4-bikutsi_68]" time="0.028" /><testcase classname="backend.tests.test_bantu_parity" name="test_bantu_grid_parity[16-4-bikutsi_1224]" time="0.027" /><testcase classname="backend.tests.test_bantu_parity" name="test_bantu_grid_parity[16-1-asiko_wisdom]" time="0.030" /><testcase classname="backend.tests.test_bantu_parity" name="test_bantu_grid_parity[16-1-makossa_roots]" time="0.028" /><testcase classname="backend.tests.test_bantu_parity" name="test_bantu_grid_parity[16-1-bikutsi_44]" time="0.029" /><testcase classname="backend.tests.test_bantu_parity" name="test_bantu_grid_parity[16-1-bikutsi_68]" time="0.028" /><testcase classname="backend.tests.test_bantu_parity" name="test_bantu_grid_parity[16-1-bikutsi_1224]" time="0.032" /><testcase classname="backend.tests.test_bantu_parity" name="test_bantu_grid_parity[32-8-asiko_wisdom]" time="0.035" /><testcase classname="backend.tests.test_bantu_parity" name="test_bantu_grid_parity[32-8-makossa_roots]" time="0.026" /><testcase classname="backend.tests.test_bantu_parity" name="test_bantu_grid_parity[32-8-bikutsi_44]" time="0.027" /><testcase classname="backend.tests.test_bantu_parity" name="test_bantu_grid_parity[32-8-bikutsi_68]" time="0.027" /><testcase classname="backend.tests.test_bantu_parity" name="test_bantu_grid_parity[32-8-bikutsi_1224]" time="0.028" /><testcase classname="backend.tests.test_bantu_parity" name="test_bantu_grid_parity[8-2-asiko_wisdom]" time="0.028" /><testcase classname="backend.tests.test_bantu_parity" name="test_bantu_grid_parity[8-2-makossa_roots]" time="0.028" /><testcase classname="backend.tests.test_bantu_parity" name="test_bantu_grid_parity[8-2-bikutsi_44]" time="0.027" /><testcase classname="backend.tests.test_bantu_parity" name="test_bantu_grid_parity[8-2-bikutsi_68]" time="0.027" /><testcase classname="backend.tests.test_bantu_parity" name="test_bantu_grid_parity[8-2-bikutsi_1224]" time="0.027" /><testcase classname="backend.tests.test_bantu_parity" name="test_bantu_grid_parity[24-6-asiko_wisdom]" time="0.027" /><testcase classname="backend.tests.test_bantu_parity" name="test_bantu_grid_parity[24-6-makossa_roots]" time="0.028" /><testcase classname="backend.tests.test_bantu_parity" name="test_bantu_grid_parity[24-6-bikutsi_44]" time="0.028" /><testcase classname="backend.tests.test_bantu_parity" name="test_bantu_grid_parity[24-6-bikutsi_68]" time="0.026" /><testcase classname="backend.tests.test_bantu_parity" name="test_bantu_grid_parity[24-6-bikutsi_1224]" time="0.029" /><testcase classname="backend.tests.test_bantu_parity" name="test_js_module_resolves" time="0.026" /><testcase classname="backend.tests.test_ai_endpoints.TestStatusProbes" name="test_music_status_disabled" time="0.173" /><testcase classname="backend.tests.test_ai_endpoints.TestStatusProbes" name="test_stems_status_enabled" time="3.631" /><testcase classname="backend.tests.test_ai_endpoints.TestAssistant" name="test_assistant_happy_path_add_midi_and_tempo" time="0.267" /><testcase classname="backend.tests.test_ai_endpoints.TestAssistant" name="test_assistant_metronome_phrase_fallback_shape" time="0.175" /><testcase classname="backend.tests.test_ai_endpoints.TestMusicGenFallback" name="test_generate_music_returns_503_when_key_missing" time="0.103" /><testcase classname="backend.tests.test_ai_endpoints.TestStems" name="test_separate_stems_no_input_returns_400" time="0.145" /></testsuite></testsuites>